[    0.000000] Linux version 4.15.0-212-generic (buildd@lcy02-amd64-083) (gcc version 7.5.0 (Ubuntu 7.5.0-3ubuntu1~18.04)) #223-Ubuntu SMP Tue May 23 13:09:22 UTC 2023 (Ubuntu 4.15.0-212.223-generic 4.15.18)
[    0.000000] Command line: BOOT_IMAGE=/boot/vmlinuz-4.15.0-212-generic root=LABEL=cloudimg-rootfs ro console=tty1 console=ttyS0
[    0.000000] KERNEL supported cpus:
[    0.000000]   Intel GenuineIntel
[    0.000000]   AMD AuthenticAMD
[    0.000000]   Centaur CentaurHauls
[    0.000000] x86/fpu: x87 FPU will use FXSAVE
[    0.000000] e820: BIOS-provided physical RAM map:
[    0.000000] BIOS-e820: [mem 0x0000000000000000-0x000000000009fbff] usable
[    0.000000] BIOS-e820: [mem 0x000000000009fc00-0x000000000009ffff] reserved
[    0.000000] BIOS-e820: [mem 0x00000000000f0000-0x00000000000fffff] reserved
[    0.000000] BIOS-e820: [mem 0x0000000000100000-0x000000001ffeffff] usable
[    0.000000] BIOS-e820: [mem 0x000000001fff0000-0x000000001fffffff] ACPI data
[    0.000000] BIOS-e820: [mem 0x00000000fec00000-0x00000000fec00fff] reserved
[    0.000000] BIOS-e820: [mem 0x00000000fee00000-0x00000000fee00fff] reserved
[    0.000000] BIOS-e820: [mem 0x00000000fffc0000-0x00000000ffffffff] reserved
[    0.000000] NX (Execute Disable) protection: active
[    0.000000] SMBIOS 2.5 present.
[    0.000000] DMI: innotek GmbH VirtualBox/VirtualBox, BIOS VirtualBox 12/01/2006
[    0.000000] Hypervisor detected: KVM
[    0.000000] e820: last_pfn = 0x1fff0 max_arch_pfn = 0x400000000
[    0.000000] x86/PAT: Configuration [0-7]: WB  WC  UC- UC  WB  WP  UC- WT  
[    0.000000] CPU MTRRs all blank - virtualized system.
[    0.000000] found SMP MP-table at [mem 0x0009fbf0-0x0009fbff]
[    0.000000] Scanning 1 areas for low memory corruption
[    0.000000] RAMDISK: [mem 0x1dafa000-0x1ee0bfff]
[    0.000000] ACPI: Early table checksum verification disabled
[    0.000000] ACPI: RSDP 0x00000000000E0000 000024 (v02 VBOX  )
[    0.000000] ACPI: XSDT 0x000000001FFF0030 00003C (v01 VBOX   VBOXXSDT 00000001 ASL  00000061)
[    0.000000] ACPI: FACP 0x000000001FFF00F0 0000F4 (v04 VBOX   VBOXFACP 00000001 ASL  00000061)
[    0.000000] ACPI: DSDT 0x000000001FFF0610 002353 (v02 VBOX   VBOXBIOS 00000002 INTL 20100528)
[    0.000000] ACPI: FACS 0x000000001FFF0200 000040
[    0.000000] ACPI: FACS 0x000000001FFF0200 000040
[    0.000000] ACPI: APIC 0x000000001FFF0240 000054 (v02 VBOX   VBOXAPIC 00000001 ASL  00000061)
[    0.000000] ACPI: SSDT 0x000000001FFF02A0 00036C (v01 VBOX   VBOXCPUT 00000002 INTL 20100528)
[    0.000000] ACPI: Reserving FACP table memory at [mem 0x1fff00f0-0x1fff01e3]
[    0.000000] ACPI: Reserving DSDT table memory at [mem 0x1fff0610-0x1fff2962]
[    0.000000] ACPI: Reserving FACS table memory at [mem 0x1fff0200-0x1fff023f]
[    0.000000] ACPI: Reserving FACS table memory at [mem 0x1fff0200-0x1fff023f]
[    0.000000] ACPI: Reserving APIC table memory at [mem 0x1fff0240-0x1fff0293]
[    0.000000] ACPI: Reserving SSDT table memory at [mem 0x1fff02a0-0x1fff060b]
[    0.000000] No NUMA configuration found
[    0.000000] Faking a node at [mem 0x0000000000000000-0x000000001ffeffff]
[    0.000000] NODE_DATA(0) allocated [mem 0x1ffc5000-0x1ffeffff]
[    0.000000] kvm-clock: cpu 0, msr 0:1ff44001, primary cpu clock
[    0.000000] kvm-clock: Using msrs 4b564d01 and 4b564d00
[    0.000000] kvm-clock: using sched offset of 4603275418 cycles
[    0.000000] clocksource: kvm-clock: mask: 0xffffffffffffffff max_cycles: 0x1cd42e4dffb, max_idle_ns: 881590591483 ns
[    0.000000] Zone ranges:
[    0.000000]   DMA      [mem 0x0000000000001000-0x0000000000ffffff]
[    0.000000]   DMA32    [mem 0x0000000001000000-0x000000001ffeffff]
[    0.000000]   Normal   empty
[    0.000000]   Device   empty
[    0.000000] Movable zone start for each node
[    0.000000] Early memory node ranges
[    0.000000]   node   0: [mem 0x0000000000001000-0x000000000009efff]
[    0.000000]   node   0: [mem 0x0000000000100000-0x000000001ffeffff]
[    0.000000] Reserved but unavailable: 104 pages
[    0.000000] Initmem setup node 0 [mem 0x0000000000001000-0x000000001ffeffff]
[    0.000000] ACPI: PM-Timer IO Port: 0x4008
[    0.000000] IOAPIC[0]: apic_id 1, version 32, address 0xfec00000, GSI 0-23
[    0.000000] ACPI: INT_SRC_OVR (bus 0 bus_irq 0 global_irq 2 dfl dfl)
[    0.000000] ACPI: INT_SRC_OVR (bus 0 bus_irq 9 global_irq 9 low level)
[    0.000000] Using ACPI (MADT) for SMP configuration information
[    0.000000] smpboot: Allowing 1 CPUs, 0 hotplug CPUs
[    0.000000] PM: Registered nosave memory: [mem 0x00000000-0x00000fff]
[    0.000000] PM: Registered nosave memory: [mem 0x0009f000-0x0009ffff]
[    0.000000] PM: Registered nosave memory: [mem 0x000a0000-0x000effff]
[    0.000000] PM: Registered nosave memory: [mem 0x000f0000-0x000fffff]
[    0.000000] e820: [mem 0x20000000-0xfebfffff] available for PCI devices
[    0.000000] Booting paravirtualized kernel on KVM
[    0.000000] clocksource: refined-jiffies: mask: 0xffffffff max_cycles: 0xffffffff, max_idle_ns: 7645519600211568 ns
[    0.000000] setup_percpu: NR_CPUS:8192 nr_cpumask_bits:1 nr_cpu_ids:1 nr_node_ids:1
[    0.000000] percpu: Embedded 50 pages/cpu s167936 r8192 d28672 u2097152
[    0.000000] PV qspinlock hash table entries: 256 (order: 0, 4096 bytes)
[    0.000000] Built 1 zonelists, mobility grouping on.  Total pages: 128889
[    0.000000] Policy zone: DMA32
[    0.000000] Kernel command line: BOOT_IMAGE=/boot/vmlinuz-4.15.0-212-generic root=LABEL=cloudimg-rootfs ro console=tty1 console=ttyS0
[    0.000000] Memory: 466748K/523832K available (12300K kernel code, 2477K rwdata, 4324K rodata, 2480K init, 2720K bss, 57084K reserved, 0K cma-reserved)
[    0.000000] SLUB: HWalign=64, Order=0-3, MinObjects=0, CPUs=1, Nodes=1
[    0.000000] Kernel/User page tables isolation: enabled
[    0.000000] ftrace: allocating 39508 entries in 155 pages
[    0.004000] Hierarchical RCU implementation.
[    0.004000] 	RCU restricting CPUs from NR_CPUS=8192 to nr_cpu_ids=1.
[    0.004000] 	Tasks RCU enabled.
[    0.004000] RCU: Adjusting geometry for rcu_fanout_leaf=16, nr_cpu_ids=1
[    0.004000] NR_IRQS: 524544, nr_irqs: 256, preallocated irqs: 16
[    0.004000] random: crng init done
[    0.004000] Console: colour VGA+ 80x25
[    0.004000] console [tty1] enabled
[    0.004000] console [ttyS0] enabled
[    0.004000] ACPI: Core revision 20170831
[    0.004000] ACPI: 2 ACPI AML tables successfully acquired and loaded
[    0.004000] APIC: Switch to symmetric I/O mode setup
[    0.008000] ..TIMER: vector=0x30 apic1=0 pin1=2 apic2=-1 pin2=-1
[    0.008012] tsc: Detected 3292.532 MHz processor
[    0.012018] Calibrating delay loop (skipped) preset value.. 6585.06 BogoMIPS (lpj=13170128)
[    0.016011] pid_max: default: 32768 minimum: 301
[    0.020042] Security Framework initialized
[    0.024006] Yama: becoming mindful.
[    0.028038] AppArmor: AppArmor initialized
[    0.032122] Dentry cache hash table entries: 65536 (order: 7, 524288 bytes)
[    0.036059] Inode-cache hash table entries: 32768 (order: 6, 262144 bytes)
[    0.040026] Mount-cache hash table entries: 1024 (order: 1, 8192 bytes)
[    0.044014] Mountpoint-cache hash table entries: 1024 (order: 1, 8192 bytes)
[    0.053788] Last level iTLB entries: 4KB 512, 2MB 8, 4MB 8
[    0.056007] Last level dTLB entries: 4KB 512, 2MB 32, 4MB 32, 1GB 0
[    0.060013] Spectre V1 : Mitigation: usercopy/swapgs barriers and __user pointer sanitization
[    0.064007] Spectre V2 : Mitigation: Retpolines
[    0.068005] Spectre V2 : Spectre v2 / SpectreRSB mitigation: Filling RSB on context switch
[    0.072006] Spectre V2 : Spectre v2 / SpectreRSB : Filling RSB on VMEXIT
[    0.076008] Speculative Store Bypass: Vulnerable
[    0.080067] MDS: Mitigation: Clear CPU buffers
[    0.084006] MMIO Stale Data: Unknown: No mitigations
[    0.088009] SRBDS: Unknown: Dependent on hypervisor status
[    0.100000] Freeing SMP alternatives memory: 36K
[    0.216006] APIC calibration not consistent with PM-Timer: 102ms instead of 100ms
[    0.220000] APIC delta adjusted to PM-Timer: 6311666 (6500371)
[    0.220646] smpboot: CPU0: Intel(R) Core(TM) i5-3550 CPU @ 3.30GHz (family: 0x6, model: 0x3a, stepping: 0x9)
[    0.224109] Performance Events: unsupported p6 CPU model 58 no PMU driver, software events only.
[    0.228085] Hierarchical SRCU implementation.
[    0.232515] NMI watchdog: Perf event create on CPU 0 failed with -2
[    0.236008] NMI watchdog: Perf NMI watchdog permanently disabled
[    0.240080] smp: Bringing up secondary CPUs ...
[    0.244109] smp: Brought up 1 node, 1 CPU
[    0.248003] smpboot: Max logical packages: 1
[    0.252009] smpboot: Total of 1 processors activated (6585.06 BogoMIPS)
[    0.256329] devtmpfs: initialized
[    0.260065] x86/mm: Memory block size: 128MB
[    0.264157] evm: security.selinux
[    0.268010] evm: security.SMACK64
[    0.272003] evm: security.SMACK64EXEC
[    0.276004] evm: security.SMACK64TRANSMUTE
[    0.280003] evm: security.SMACK64MMAP
[    0.284003] evm: security.apparmor
[    0.288004] evm: security.ima
[    0.292003] evm: security.capability
[    0.296160] clocksource: jiffies: mask: 0xffffffff max_cycles: 0xffffffff, max_idle_ns: 7645041785100000 ns
[    0.300025] futex hash table entries: 256 (order: 2, 16384 bytes)
[    0.304070] pinctrl core: initialized pinctrl subsystem
[    0.308600] RTC time: 15:53:07, date: 11/11/24
[    0.312179] NET: Registered protocol family 16
[    0.316091] audit: initializing netlink subsys (disabled)
[    0.320175] cpuidle: using governor ladder
[    0.324018] audit: type=2000 audit(1731340392.047:1): state=initialized audit_enabled=0 res=1
[    0.328016] cpuidle: using governor menu
[    0.332091] ACPI: bus type PCI registered
[    0.336011] acpiphp: ACPI Hot Plug PCI Controller Driver version: 0.5
[    0.340714] PCI: Using configuration type 1 for base access
[    0.345370] HugeTLB registered 2.00 MiB page size, pre-allocated 0 pages
[    0.348278] ACPI: Added _OSI(Module Device)
[    0.352017] ACPI: Added _OSI(Processor Device)
[    0.356011] ACPI: Added _OSI(3.0 _SCP Extensions)
[    0.360010] ACPI: Added _OSI(Processor Aggregator Device)
[    0.364023] ACPI: Added _OSI(Linux-Dell-Video)
[    0.368022] ACPI: Added _OSI(Linux-Lenovo-NV-HDMI-Audio)
[    0.372008] ACPI: Added _OSI(Linux-HPI-Hybrid-Graphics)
[    0.377233] ACPI: Executed 1 blocks of module-level executable AML code
[    0.386802] ACPI: Interpreter enabled
[    0.388022] ACPI: (supports S0 S5)
[    0.392011] ACPI: Using IOAPIC for interrupt routing
[    0.400733] PCI: Using host bridge windows from ACPI; if necessary, use "pci=nocrs" and report a bug
[    0.404372] ACPI: Enabled 2 GPEs in block 00 to 07
[    0.425025] ACPI: PCI Root Bridge [PCI0] (domain 0000 [bus 00-ff])
[    0.428020] acpi PNP0A03:00: _OSC: OS supports [ASPM ClockPM Segments MSI]
[    0.436053] acpi PNP0A03:00: _OSC: not requesting OS control; OS requires [ExtendedConfig ASPM ClockPM MSI]
[    0.440038] acpi PNP0A03:00: fail to add MMCONFIG information, can't access extended PCI configuration space under this bridge.
[    0.448011] PCI host bridge to bus 0000:00
[    0.452012] pci_bus 0000:00: root bus resource [io  0x0000-0x0cf7 window]
[    0.460021] pci_bus 0000:00: root bus resource [io  0x0d00-0xffff window]
[    0.464015] pci_bus 0000:00: root bus resource [mem 0x000a0000-0x000bffff window]
[    0.468012] pci_bus 0000:00: root bus resource [mem 0x20000000-0xfdffffff window]
[    0.472013] pci_bus 0000:00: root bus resource [bus 00-ff]
[    0.487741] pci 0000:00:01.1: legacy IDE quirk: reg 0x10: [io  0x01f0-0x01f7]
[    0.488012] pci 0000:00:01.1: legacy IDE quirk: reg 0x14: [io  0x03f6]
[    0.492008] pci 0000:00:01.1: legacy IDE quirk: reg 0x18: [io  0x0170-0x0177]
[    0.496014] pci 0000:00:01.1: legacy IDE quirk: reg 0x1c: [io  0x0376]
[    0.532159] pci 0000:00:07.0: quirk: [io  0x4000-0x403f] claimed by PIIX4 ACPI
[    0.536067] pci 0000:00:07.0: quirk: [io  0x4100-0x410f] claimed by PIIX4 SMB
[    0.554737] ACPI: PCI Interrupt Link [LNKA] (IRQs 5 9 10 *11)
[    0.556872] ACPI: PCI Interrupt Link [LNKB] (IRQs 5 9 *10 11)
[    0.560348] ACPI: PCI Interrupt Link [LNKC] (IRQs 5 *9 10 11)
[    0.564344] ACPI: PCI Interrupt Link [LNKD] (IRQs 5 9 10 *11)
[    0.568580] SCSI subsystem initialized
[    0.572151] pci 0000:00:02.0: vgaarb: setting as boot VGA device
[    0.576000] pci 0000:00:02.0: vgaarb: VGA device added: decodes=io+mem,owns=io+mem,locks=none
[    0.576014] pci 0000:00:02.0: vgaarb: bridge control possible
[    0.580006] vgaarb: loaded
[    0.584061] ACPI: bus type USB registered
[    0.592051] usbcore: registered new interface driver usbfs
[    0.596027] usbcore: registered new interface driver hub
[    0.600031] usbcore: registered new device driver usb
[    0.604116] EDAC MC: Ver: 3.0.0
[    0.609059] PCI: Using ACPI for IRQ routing
[    0.613011] NetLabel: Initializing
[    0.616011] NetLabel:  domain hash size = 128
[    0.620035] NetLabel:  protocols = UNLABELED CIPSOv4 CALIPSO
[    0.624054] NetLabel:  unlabeled traffic allowed by default
[    0.628310] clocksource: Switched to clocksource kvm-clock
[    0.722396] VFS: Disk quotas dquot_6.6.0
[    0.732378] VFS: Dquot-cache hash table entries: 512 (order 0, 4096 bytes)
[    0.744857] AppArmor: AppArmor Filesystem Enabled
[    0.752847] pnp: PnP ACPI init
[    0.761412] pnp: PnP ACPI: found 3 devices
[    0.780016] clocksource: acpi_pm: mask: 0xffffff max_cycles: 0xffffff, max_idle_ns: 2085701024 ns
[    0.792573] NET: Registered protocol family 2
[    0.799801] IP idents hash table entries: 8192 (order: 4, 65536 bytes)
[    0.809199] TCP established hash table entries: 4096 (order: 3, 32768 bytes)
[    0.818663] TCP bind hash table entries: 4096 (order: 4, 65536 bytes)
[    0.827344] TCP: Hash tables configured (established 4096 bind 4096)
[    0.836465] UDP hash table entries: 256 (order: 1, 8192 bytes)
[    0.844011] UDP-Lite hash table entries: 256 (order: 1, 8192 bytes)
[    0.852237] NET: Registered protocol family 1
[    0.858293] pci 0000:00:00.0: Limiting direct PCI/PCI transfers
[    0.866195] pci 0000:00:01.0: Activating ISA DMA hang workarounds
[    0.874766] pci 0000:00:02.0: Video device with shadowed ROM at [mem 0x000c0000-0x000dffff]
[    0.886584] Unpacking initramfs...
[    1.556174] Freeing initrd memory: 19528K
[    1.564394] clocksource: tsc: mask: 0xffffffffffffffff max_cycles: 0x2f75be03e13, max_idle_ns: 440795370252 ns
[    1.577588] platform rtc_cmos: registered platform RTC device (no PNP device found)
[    1.587802] Scanning for low memory corruption every 60 seconds
[    1.596328] Initialise system trusted keyrings
[    1.602400] Key type blacklist registered
[    1.608044] workingset: timestamp_bits=36 max_order=17 bucket_order=0
[    1.619514] zbud: loaded
[    1.625134] squashfs: version 4.0 (2009/01/31) Phillip Lougher
[    1.632954] fuse init (API version 7.26)
[    1.641363] Key type asymmetric registered
[    1.647411] Asymmetric key parser 'x509' registered
[    1.653657] Block layer SCSI generic (bsg) driver version 0.4 loaded (major 246)
[    1.663216] io scheduler noop registered
[    1.668771] io scheduler deadline registered
[    1.675272] io scheduler cfq registered (default)
[    1.682224] ACPI: AC Adapter [AC] (on-line)
[    1.688385] input: Power Button as /devices/LNXSYSTM:00/LNXPWRBN:00/input/input0
[    1.700499] ACPI: Power Button [PWRF]
[    1.706361] input: Sleep Button as /devices/LNXSYSTM:00/LNXSLPBN:00/input/input1
[    1.716980] ACPI: Sleep Button [SLPF]
[    1.723267] Serial: 8250/16550 driver, 32 ports, IRQ sharing enabled
[    1.769339] 00:02: ttyS0 at I/O 0x3f8 (irq = 4, base_baud = 115200) is a 16550A
[    1.783771] Linux agpgart interface v0.103
[    1.793766] loop: module loaded
[    1.800447] scsi host0: ata_piix
[    1.805036] scsi host1: ata_piix
[    1.809539] ata1: PATA max UDMA/33 cmd 0x1f0 ctl 0x3f6 bmdma 0xd000 irq 14
[    1.818321] ata2: PATA max UDMA/33 cmd 0x170 ctl 0x376 bmdma 0xd008 irq 15
[    1.829256] tun: Universal TUN/TAP device driver, 1.6
[    1.838617] PPP generic driver version 2.4.2
[    1.844689] ehci_hcd: USB 2.0 'Enhanced' Host Controller (EHCI) Driver
[    1.853244] ehci-pci: EHCI PCI platform driver
[    1.859069] ehci-platform: EHCI generic platform driver
[    1.865795] ohci_hcd: USB 1.1 'Open' Host Controller (OHCI) Driver
[    1.874176] ohci-pci: OHCI PCI platform driver
[    1.880124] ohci-platform: OHCI generic platform driver
[    1.886676] uhci_hcd: USB Universal Host Controller Interface driver
[    1.895110] i8042: PNP: PS/2 Controller [PNP0303:PS2K,PNP0f03:PS2M] at 0x60,0x64 irq 1,12
[    1.910693] serio: i8042 KBD port at 0x60,0x64 irq 1
[    1.918780] serio: i8042 AUX port at 0x60,0x64 irq 12
[    1.926963] mousedev: PS/2 mouse device common for all mice
[    1.938083] input: AT Translated Set 2 keyboard as /devices/platform/i8042/serio0/input/input2
[    1.951519] rtc_cmos rtc_cmos: rtc core: registered rtc_cmos as rtc0
[    1.965048] rtc_cmos rtc_cmos: alarms up to one day, 114 bytes nvram
[    1.978222] i2c /dev entries driver
[    1.984036] device-mapper: uevent: version 1.0.3
[    2.069138] device-mapper: ioctl: 4.37.0-ioctl (2017-09-20) initialised: dm-devel@redhat.com
[    2.081040] ledtrig-cpu: registered to indicate activity on CPUs
[    2.089753] NET: Registered protocol family 10
[    2.103265] Segment Routing with IPv6
[    2.110046] NET: Registered protocol family 17
[    2.117159] Key type dns_resolver registered
[    2.123388] mce: Using 0 MCE banks
[    2.128130] RAS: Correctable Errors collector initialized.
[    2.135530] sched_clock: Marking stable (2135431603, 0)->(3563896619, -1428465016)
[    2.146213] registered taskstats version 1
[    2.152434] Loading compiled-in X.509 certificates
[    2.163053] Loaded X.509 cert 'Build time autogenerated kernel key: b5b26778eaa3ab3a4a6cee031137706e947d12ad'
[    2.177333] Loaded X.509 cert 'Canonical Ltd. Live Patch Signing: 14df34d1a87cf37625abec039ef2bf521249b969'
[    2.191332] Loaded X.509 cert 'Canonical Ltd. Kernel Module Signing: 88f752e560a1e0737e31163a466ad7b70a850c19'
[    2.204890] blacklist: Loading compiled-in revocation X.509 certificates
[    2.213818] Loaded X.509 cert 'Canonical Ltd. Secure Boot Signing: 61482aa2830d0ab2ad5af10b7250da9033ddcef0'
[    2.227784] Loaded X.509 cert 'Canonical Ltd. Secure Boot Signing (2017): 242ade75ac4a15e50d50c84b0d45ff3eae707a03'
[    2.241847] Loaded X.509 cert 'Canonical Ltd. Secure Boot Signing (ESM 2018): 365188c1d374d6b07c3c8f240f8ef722433d6a8b'
[    2.256355] Loaded X.509 cert 'Canonical Ltd. Secure Boot Signing (2019): c0746fd6c5da3ae827864651ad66ae47fe24b3e8'
[    2.270542] Loaded X.509 cert 'Canonical Ltd. Secure Boot Signing (2021 v1): a8d54bbb3825cfb94fa13c9f8a594a195c107b8d'
[    2.284797] Loaded X.509 cert 'Canonical Ltd. Secure Boot Signing (2021 v2): 4cf046892d6fd3c9a5b03f98d845f90851dc6a8c'
[    2.300518] Loaded X.509 cert 'Canonical Ltd. Secure Boot Signing (2021 v3): 100437bb6de6e469b581e61cd66bce3ef4ed53af'
[    2.314858] Loaded X.509 cert 'Canonical Ltd. Secure Boot Signing (Ubuntu Core 2019): c1d57b8f6b743f23ee41f4f7ee292f06eecadfb9'
[    2.331880] zswap: loaded using pool lzo/zbud
[    2.344891] Key type big_key registered
[    2.351461] Key type trusted registered
[    2.359560] Key type encrypted registered
[    2.365284] AppArmor: AppArmor sha1 policy hashing enabled
[    2.373495] ima: No TPM chip found, activating TPM-bypass! (rc=-19)
[    2.381956] ima: Allocated hash algorithm: sha1
[    2.389035] evm: HMAC attrs: 0x1
[    2.394604]   Magic number: 0:787:891
[    2.400117] event_source msr: hash matches
[    2.406156] rtc_cmos rtc_cmos: setting system clock to 2024-11-11 15:53:09 UTC (1731340389)
[    2.417847] BIOS EDD facility v0.16 2004-Jun-25, 0 devices found
[    2.426753] EDD information not available.
[    2.437082] Freeing unused kernel image memory: 2480K
[    2.448245] Write protecting the kernel read-only data: 20480k
[    2.456616] Freeing unused kernel image memory: 2008K
[    2.463324] Freeing unused kernel image memory: 1820K
[    2.477085] x86/mm: Checked W+X mappings: passed, no W+X pages found.
[    2.485437] x86/mm: Checking user space page tables
[    2.498286] x86/mm: Checked W+X mappings: passed, no W+X pages found.
Loading, please wait...
starting version 237
[    2.681485] e1000: Intel(R) PRO/1000 Network Driver - version 7.3.21-k8-NAPI
[    2.690604] e1000: Copyright (c) 1999-2006 Intel Corporation.
[    2.701517] Fusion MPT base driver 3.04.20
[    2.707616] Copyright (c) 1999-2008 LSI Corporation
[    2.765754] SSE version of gcm_enc/dec engaged.
[    2.803457] Fusion MPT SPI Host driver 3.04.20
[    3.001656] input: ImExPS/2 Generic Explorer Mouse as /devices/platform/i8042/serio1/input/input4
[    3.732660] e1000 0000:00:03.0 eth0: (PCI:33MHz:32-bit) 02:3b:7b:b7:3b:2d
[    3.742434] e1000 0000:00:03.0 eth0: Intel(R) PRO/1000 Network Connection
[    3.755914] e1000 0000:00:03.0 enp0s3: renamed from eth0
[    3.765646] mptbase: ioc0: Initiating bringup
[    3.887780] ioc0: LSI53C1030 A0: Capabilities={Initiator}
[    4.153700] scsi host2: ioc0: LSI53C1030 A0, FwRev=00000000h, Ports=1, MaxQ=256, IRQ=20
[    4.341604] scsi 2:0:0:0: Direct-Access     VBOX     HARDDISK         1.0  PQ: 0 ANSI: 5
[    4.354143] scsi target2:0:0: Beginning Domain Validation
[    4.373653] scsi target2:0:0: Domain Validation skipping write tests
[    4.382221] scsi target2:0:0: Ending Domain Validation
[    4.391148] scsi target2:0:0: asynchronous
[    4.401026] scsi 2:0:1:0: Direct-Access     VBOX     HARDDISK         1.0  PQ: 0 ANSI: 5
[    4.412506] scsi target2:0:1: Beginning Domain Validation
[    4.432530] scsi target2:0:1: Domain Validation skipping write tests
[    4.441567] scsi target2:0:1: Ending Domain Validation
[    4.449139] scsi target2:0:1: asynchronous
[    4.474506] sd 2:0:0:0: [sda] 83886080 512-byte logical blocks: (42.9 GB/40.0 GiB)
[    4.484169] sd 2:0:0:0: Attached scsi generic sg0 type 0
[    4.491929] sd 2:0:0:0: [sda] Write Protect is off
[    4.500487] sd 2:0:1:0: [sdb] 20480 512-byte logical blocks: (10.5 MB/10.0 MiB)
[    4.511635] sd 2:0:1:0: Attached scsi generic sg1 type 0
[    4.520569] sd 2:0:0:0: [sda] Incomplete mode parameter data
[    4.528720] sd 2:0:0:0: [sda] Assuming drive cache: write through
[    4.536764] sd 2:0:1:0: [sdb] Write Protect is off
[    4.543568] sd 2:0:1:0: [sdb] Incomplete mode parameter data
[    4.551924] sd 2:0:1:0: [sdb] Assuming drive cache: write through
[    4.566152]  sda: sda1
[    4.578084] sd 2:0:0:0: [sda] Attached SCSI disk
[    4.585055] sd 2:0:1:0: [sdb] Attached SCSI disk
Begin: Loading essential drivers ... [    6.568200] raid6: sse2x1   gen()  9030 MB/s
[    6.620173] raid6: sse2x1   xor()  6646 MB/s
[    6.672181] raid6: sse2x2   gen() 10968 MB/s
[    6.744189] raid6: sse2x2   xor()  8779 MB/s
[    6.796252] raid6: sse2x4   gen() 12805 MB/s
[    6.848199] raid6: sse2x4   xor()  8680 MB/s
[    6.853956] raid6: using algorithm sse2x4 gen() 12805 MB/s
[    6.861227] raid6: .... xor() 8680 MB/s, rmw enabled
[    6.867752] raid6: using ssse3x2 recovery algorithm
[    6.875930] xor: measuring software checksum speed
[    6.981494]    prefetch64-sse: 46578.000 MB/sec
[    7.096105]    generic_sse: 42822.000 MB/sec
[    7.102147] xor: using function: prefetch64-sse (46578.000 MB/sec)
[    7.112466] async_tx: api initialized (async)
done.
Begin: Running /scripts/init-premount ... done.
Begin: Mounting root file system ... Begin: Running /scripts/local-top ... done.
Begin: Running /scripts/local-premount ... [    7.201060] Btrfs loaded, crc32c=crc32c-intel
Scanning for Btrfs filesystems
done.
Warning: fsck not present, so skipping root file system
[    7.289215] EXT4-fs (sda1): mounted filesystem with ordered data mode. Opts: (null)
done.
Begin: Running /scripts/local-bottom ... done.
Begin: Running /scripts/init-bottom ... done.
[    7.697755] ip_tables: (C) 2000-2006 Netfilter Core Team
[    7.731407] systemd[1]: systemd 237 running in system mode. (+PAM +AUDIT +SELINUX +IMA +APPARMOR +SMACK +SYSVINIT +UTMP +LIBCRYPTSETUP +GCRYPT +GNUTLS +ACL +XZ +LZ4 +SECCOMP +BLKID +ELFUTILS +KMOD -IDN2 +IDN -PCRE2 default-hierarchy=hybrid)
[    7.756456] systemd[1]: Detected virtualization oracle.
[    7.763040] systemd[1]: Detected architecture x86-64.

Welcome to [1mUbuntu 18.04.6 LTS[0m!

[    7.777721] systemd[1]: Set hostname to <apache-server>.
[    8.312557] systemd[1]: Reached target Mounting snaps.
[[0;32m  OK  [0m] Reached target Mounting snaps.
[    8.326921] systemd[1]: Created slice System Slice.
[[0;32m  OK  [0m] Created slice System Slice.
[    8.339500] systemd[1]: Listening on udev Control Socket.
[[0;32m  OK  [0m] Listening on udev Control Socket.
[    8.352471] systemd[1]: Listening on Journal Audit Socket.
[[0;32m  OK  [0m] Listening on Journal Audit Socket.
[    8.365161] systemd[1]: Listening on /dev/initctl Compatibility Named Pipe.
[[0;32m  OK  [0m] Listening on /dev/initctl Compatibility Named Pipe.
[    8.381363] systemd[1]: Listening on Network Service Netlink Socket.
[[0;32m  OK  [0m] Listening on Network Service Netlink Socket.
[[0;32m  OK  [0m] Listening on LVM2 poll daemon socket.
[[0;32m  OK  [0m] Listening on Syslog Socket.
[[0;32m  OK  [0m] Created slice system-serial\x2dgetty.slice.
[[0;32m  OK  [0m] Reached target Swap.
[[0;32m  OK  [0m] Listening on LVM2 metadata daemon socket.
[[0;32m  OK  [0m] Reached target User and Group Name Lookups.
[[0;32m  OK  [0m] Listening on Journal Socket (/dev/log).
[[0;32m  OK  [0m] Listening on udev Kernel Socket.
[[0;32m  OK  [0m] Set up automount Arbitrary Executab…rmats File System Automount Point.
[[0;32m  OK  [0m] Listening on Device-mapper event daemon FIFOs.
[[0;32m  OK  [0m] Reached target System Time Synchronized.
[[0;32m  OK  [0m] Reached target Mounted snaps.
[[0;32m  OK  [0m] Created slice User and Session Slice.
[[0;32m  OK  [0m] Reached target Slices.
[[0;32m  OK  [0m] Listening on fsck to fsckd communication Socket.
[[0;32m  OK  [0m] Listening on Journal Socket.
         Starting Create list of required st…ce nodes for the current kernel...
         Starting Uncomplicated firewall...
         Mounting Kernel Debug File System...
         Starting Monitoring of LVM2 mirrors…ng dmeventd or progress polling...
         Mounting Huge Pages File System...
         Starting File System Check on Root Device...
         Starting Journal Service...
         Starting Load Kernel Modules...
         Starting Set the console keyboard layout...
         Mounting POSIX Message Queue File System...
         Starting udev Coldplug all Devices...
[[0;32m  OK  [0m] Started Forward Password Requests to Wall Directory Watch.
[[0;32m  OK  [0m] Started Journal Service.
[[0;32m  OK  [0m] Started Create list of required sta…vice nodes for the current kernel.[    8.704758] Loading iSCSI transport class v2.0-870.

[[0;32m  OK  [0m] Started Uncomplicated firewall.
[[0;32m  OK  [0m] Mounted Kernel Debug File System.
[[0;32m  OK  [0m] Mounted Huge Pages File System.
[[0;32m  OK  [0m] Mounted POSIX Message Queue File System.
[[0;32m  OK  [0m] Started LVM2 metadata daemon.
[[0;32m  OK  [0m] Started File System Check Daemon to report status.
         Starting Create Static Device Nodes in /dev...
[[0;32m  OK  [0m] Started File System Check on Root Device.
         Starting Remount Root and Kernel File Systems...
[    8.858040] iscsi: registered transport (tcp)
[[0;32m  OK  [0m] Started Monitoring of LVM2 mirrors,…sing dmeventd or progress polling.
[[0;32m  OK  [0m] Started udev Coldplug all Devices.
[    8.934358] EXT4-fs (sda1): re-mounted. Opts: (null)
[[0;32m  OK  [0m] Started Remount Root and Kernel File Systems.
         Starting Flush Journal to Persistent Storage...
         Starting Load/Save Random Seed...
[[0;32m  OK  [0m] Started Create Static Device Nodes in /dev.
         Starting udev Kernel Device Manager...
[[0;32m  OK  [0m] Started Load/Save Random Seed.
[    9.064138] systemd-journald[408]: Received request to flush runtime journal from PID 1
[[0;32m  OK  [0m] Started udev Kernel Device Manager.
[    9.142046] iscsi: registered transport (iser)
[[0;32m  OK  [0m] Started Load Kernel Modules.
         Mounting FUSE Control File System...
         Starting Apply Kernel Variables...
         Mounting Kernel Configuration File System...
[[0;32m  OK  [0m] Mounted FUSE Control File System.
[[0;32m  OK  [0m] Mounted Kernel Configuration File System.
[[0;32m  OK  [0m] Started Set the console keyboard layout.
[[0;32m  OK  [0m] Reached target Local File Systems (Pre).
[[0;32m  OK  [0m] Reached target Local File Systems.
         Starting ebtables ruleset management...
         Starting Tell Plymouth To Write Out Runtime Data...
         Starting AppArmor initialization...
         Starting Set console font and keymap...
[[0;32m  OK  [0m] Started Dispatch Password Requests to Console Directory Watch.
[[0;32m  OK  [0m] Reached target Local Encrypted Volumes.
[[0;32m  OK  [0m] Started Flush Journal to Persistent Storage.
[[0;32m  OK  [0m] Started Apply Kernel Variables.
[[0;32m  OK  [0m] Started Tell Plymouth To Write Out Runtime Data.
         Starting Create Volatile Files and Directories...
[[0;32m  OK  [0m] Started Set console font and keymap.
[[0;32m  OK  [0m] Started Create Volatile Files and Directories.
         Starting Update UTMP about System Boot/Shutdown...
[[0;32m  OK  [0m] Started ebtables ruleset management.
[[0;32m  OK  [0m] Started Update UTMP about System Boot/Shutdown.
[[0;32m  OK  [0m] Started AppArmor initialization.
         Starting Load AppArmor profiles managed internally by snapd...
         Starting Initial cloud-init job (pre-networking)...
         Mounting Arbitrary Executable File Formats File System...
[[0;32m  OK  [0m] Mounted Arbitrary Executable File Formats File System.
[[0;32m  OK  [0m] Started Load AppArmor profiles managed internally by snapd.
[[0;32m  OK  [0m] Found device /dev/ttyS0.
[[0;32m  OK  [0m] Listening on Load/Save RF Kill Switch Status /dev/rfkill Watch.
[   13.014665] cloud-init[525]: Cloud-init v. 23.1.2-0ubuntu0~18.04.1 running 'init-local' at Mon, 11 Nov 2024 15:53:19 +0000. Up 12.78 seconds.
[[0;32m  OK  [0m] Started Initial cloud-init job (pre-networking).
[[0;32m  OK  [0m] Reached target Network (Pre).
         Starting Network Service...
[[0;32m  OK  [0m] Started Network Service.
         Starting Network Name Resolution...
         Starting Wait for Network to be Configured...
[[0;32m  OK  [0m] Started Network Name Resolution.
[[0;32m  OK  [0m] Reached target Network.
[[0;32m  OK  [0m] Reached target Host and Network Name Lookups.
[[0;32m  OK  [0m] Started Wait for Network to be Configured.
         Starting Initial cloud-init job (metadata service crawler)...
[   15.746552] cloud-init[655]: Cloud-init v. 23.1.2-0ubuntu0~18.04.1 running 'init' at Mon, 11 Nov 2024 15:53:22 +0000. Up 15.56 seconds.
[   15.764332] cloud-init[655]: ci-info: ++++++++++++++++++++++++++++++++++++++Net device info++++++++++++++++++++++++++++++++++++++
[   15.786580] cloud-init[655]: ci-info: +--------+------+----------------------------+---------------+--------+-------------------+
[   15.809586] cloud-init[655]: ci-info: | Device |  Up  |          Address           |      Mask     | Scope  |     Hw-Address    |
[   15.832947] cloud-init[655]: ci-info: +--------+------+----------------------------+---------------+--------+-------------------+
[   15.847942] cloud-init[655]: ci-info: | enp0s3 | True |         10.0.2.15          | 255.255.255.0 | global | 02:3b:7b:b7:3b:2d |
[   15.868272] cloud-init[655]: ci-info: | enp0s3 | True | fd00::3b:7bff:feb7:3b2d/64 |       .       | global | 02:3b:7b:b7:3b:2d |
[   15.882403] cloud-init[655]: ci-info: | enp0s3 | True | fe80::3b:7bff:feb7:3b2d/64 |       .       |  link  | 02:3b:7b:b7:3b:2d |
[   15.900680] cloud-init[655]: ci-info: |   lo   | True |         127.0.0.1          |   255.0.0.0   |  host  |         .         |
[   15.912091] cloud-init[655]: ci-info: |   lo   | True |          ::1/128           |       .       |  host  |         .         |
[   15.923806] cloud-init[655]: ci-info: +--------+------+----------------------------+---------------+--------+-------------------+
[   15.941470] cloud-init[655]: ci-info: ++++++++++++++++++++++++++++Route IPv4 info+++++++++++++++++++++++++++++
[   15.957146] cloud-init[655]: ci-info: +-------+-------------+----------+-----------------+-----------+-------+
[   15.974434] cloud-init[655]: ci-info: | Route | Destination | Gateway  |     Genmask     | Interface | Flags |
[   15.984801] cloud-init[655]: ci-info: +-------+-------------+----------+-----------------+-----------+-------+
[   15.995513] cloud-init[655]: ci-info: |   0   |   0.0.0.0   | 10.0.2.2 |     0.0.0.0     |   enp0s3  |   UG  |
[   16.007294] cloud-init[655]: ci-info: |   1   |   10.0.2.0  | 0.0.0.0  |  255.255.255.0  |   enp0s3  |   U   |
[   16.019001] cloud-init[655]: ci-info: |   2   |   10.0.2.2  | 0.0.0.0  | 255.255.255.255 |   enp0s3  |   UH  |
[   16.038368] cloud-init[655]: ci-info: +-------+-------------+----------+-----------------+-----------+-------+
[   16.049082] cloud-init[655]: ci-info: +++++++++++++++++++Route IPv6 info+++++++++++++++++++
[   16.075559] cloud-init[655]: ci-info: +-------+-------------+---------+-----------+-------+
[   16.097926] cloud-init[655]: ci-info: | Route | Destination | Gateway | Interface | Flags |
[   16.111011] cloud-init[655]: ci-info: +-------+-------------+---------+-----------+-------+
[   16.122594] cloud-init[655]: ci-info: |   1   |  fd00::/64  |    ::   |   enp0s3  |   U   |
[   16.137598] cloud-init[655]: ci-info: |   2   |  fe80::/64  |    ::   |   enp0s3  |   U   |
[   16.158078] cloud-init[655]: ci-info: |   3   |     ::/0    | fe80::2 |   enp0s3  |   UG  |
[   16.174245] cloud-init[655]: ci-info: |   5   |    local    |    ::   |   enp0s3  |   U   |
[   16.193228] cloud-init[655]: ci-info: |   6   |   ff00::/8  |    ::   |   enp0s3  |   U   |
[[0;32m  OK  [0m] [   16.204920] cloud-init[655]: ci-info: +-------+-------------+---------+-----------+-------+Started Initial cloud-init job (metadata service crawler).
[[0;32m  OK  [0m
] Reached target System Initialization.
         Starting Socket activation for snappy daemon.
[[0;32m  OK  [0m] Listening on ACPID Listen Socket.
[[0;32m  OK  [0m] Started Message of the Day.
[[0;32m  OK  [0m] Started Ubuntu Advantage Timer for running repeated jobs.
[[0;32m  OK  [0m] Listening on cloud-init hotplug hook socket.
[[0;32m  OK  [0m] Started ACPI Events Check.
[[0;32m  OK  [0m] Reached target Paths.
[[0;32m  OK  [0m] Started Daily apt download activities.
[[0;32m  OK  [0m] Started Daily apt upgrade and clean activities.
[[0;32m  OK  [0m] Listening on D-Bus System Message Bus Socket.
[[0;32m  OK  [0m] Listening on UUID daemon activation socket.
         Starting LXD - unix socket.
[[0;32m  OK  [0m] Started Discard unused blocks once a week.
[[0;32m  OK  [0m] Listening on Open-iSCSI iscsid Socket.
[[0;32m  OK  [0m] Started Daily Cleanup of Temporary Directories.
[[0;32m  OK  [0m] Reached target Timers.
[[0;32m  OK  [0m] Reached target Network is Online.
[[0;32m  OK  [0m] Reached target Remote File Systems (Pre).
         Starting Availability of block devices...
         Mounting /var/www/html...
         Mounting /vagrant...
[[0;32m  OK  [0m] Reached target Cloud-config availability.
[[0;32m  OK  [0m] Listening on Socket activation for snappy daemon.
[[0;32m  OK  [0m] Listening on LXD - unix socket.
[[0;32m  OK  [0m] Started Availability of block devices.
[[0;32m  OK  [0m] Mounted /var/www/html.
[[0;32m  OK  [0m] Mounted /vagrant.
[[0;32m  OK  [0m] Reached target Remote File Systems.
[[0;32m  OK  [0m] Reached target Sockets.
[[0;32m  OK  [0m] Reached target Basic System.
[[0;32m  OK  [0m] Started FUSE filesystem for LXC.
         Starting System Logging Service...
         Starting The Apache HTTP Server...
         Starting Dispatcher daemon for systemd-networkd...
[[0;32m  OK  [0m] Started Deferred execution scheduler.
         Starting Login Service...
         Starting LSB: Record successful boot for GRUB...
[[0;32m  OK  [0m] Started D-Bus System Message Bus.
[[0;32m  OK  [0m] Started Login Service.
[[0;32m  OK  [0m] Started Unattended Upgrades Shutdown.
         Starting Permit User Sessions...
         Starting Snap Daemon...
         Starting Accounts Service...
         Starting OpenBSD Secure Shell server...
[[0;32m  OK  [0m] Started Regular background program processing daemon.
         Starting LXD - container startup/shutdown...
         Starting Virtualbox guest utils...
[[0;32m  OK  [0m] Started irqbalance daemon.
         Starting LSB: automatic crash report generation...
[[0;32m  OK  [0m] Reached target Login Prompts (Pre).
[[0;32m  OK  [0m] Started System Logging Service.
[[0;32m  OK  [0m] Started Permit User Sessions.
         Starting Hostname Service...
         Starting Hold until boot process finishes up...
         Starting Terminate Plymouth Boot Screen...
[[0;32m  OK  [0m] Started Hold until boot process finishes up.
[[0;32m  OK  [0m] Started Terminate Plymouth Boot Screen.
[[0;32m  OK  [0m] Started OpenBSD Secure Shell server.
         Starting Authorization Manager...
         Starting Set console scheme...
[[0;32m  OK  [0m] Started Serial Getty on ttyS0.
[[0;32m  OK  [0m] Started The Apache HTTP Server.
[[0;32m  OK  [0m] Started Hostname Service.
[[0;32m  OK  [0m] Started LSB: automatic crash report generation.
[[0;32m  OK  [0m] Started Set console scheme.
[[0;32m  OK  [0m] Created slice system-getty.slice.
[[0;32m  OK  [0m] Started Getty on tty1.
[[0;32m  OK  [0m] Reached target Login Prompts.
[[0;32m  OK  [0m] Started LSB: Record successful boot for GRUB.
[[0;32m  OK  [0m] Started Authorization Manager.
[[0;32m  OK  [0m] Started Accounts Service.
[[0;32m  OK  [0m] Started Dispatcher daemon for systemd-networkd.
[[0;32m  OK  [0m] Started Virtualbox guest utils.
[[0;32m  OK  [0m] Started LXD - container startup/shutdown.
[[0;32m  OK  [0m] Created slice User Slice of vagrant.
[[0;32m  OK  [0m] Started Session 1 of user vagrant.
         Starting User Manager for UID 1000...
[[0;32m  OK  [0m] Started User Manager for UID 1000.
[[0;32m  OK  [0m] Started Snap Daemon.
         Starting Wait until snapd is fully seeded...
         Starting Time & Date Service...
[[0;32m  OK  [0m] Started Time & Date Service.
[[0;32m  OK  [0m] Started Wait until snapd is fully seeded.
         Starting Apply the settings specified in cloud-config...
[   21.454143] cloud-init[1069]: Cloud-init v. 23.1.2-0ubuntu0~18.04.1 running 'modules:config' at Mon, 11 Nov 2024 15:53:28 +0000. Up 21.30 seconds.
[[0;32m  OK  [0m] Started Apply the settings specified in cloud-config.
[[0;32m  OK  [0m] Reached target Multi-User System.
[[0;32m  OK  [0m] Reached target Graphical Interface.
         Starting Update UTMP about System Runlevel Changes...
         Starting Execute cloud user/final scripts...
[[0;32m  OK  [0m] Started Update UTMP about System Runlevel Changes.
[   22.419063] cloud-init[1190]: Cloud-init v. 23.1.2-0ubuntu0~18.04.1 running 'modules:final' at Mon, 11 Nov 2024 15:53:29 +0000. Up 22.20 seconds.
[   22.439303] cloud-init[1190]: Cloud-init v. 23.1.2-0ubuntu0~18.04.1 finished at Mon, 11 Nov 2024 15:53:29 +0000. Datasource DataSourceNoCloud [seed=/dev/sdb][dsmode=net].  Up 22.40 seconds
[[0;32m  OK  [0m] Started Execute cloud user/final scripts.
[[0;32m  OK  [0m] Reached target Cloud-init target.

Ubuntu 18.04.6 LTS apache-server ttyS0

apache-server login: 